
warning: Error: akjlsdg en / - Sun May 26 2024 14:55:55 GMT-0300 (hora estándar de Argentina)
warning: Warning
warning: Warning
error: Error
warning: Warning en /logger - Sun May 26 2024 15:54:14 GMT-0300 (hora estándar de Argentina)
warning: Error en /logger - Sun May 26 2024 15:54:41 GMT-0300 (hora estándar de Argentina)
warning: Warning en /logger - Sun May 26 2024 15:54:41 GMT-0300 (hora estándar de Argentina)
error: Error en /logger - Sun May 26 2024 15:54:53 GMT-0300 (hora estándar de Argentina)
warning: Warning en /logger - Sun May 26 2024 15:54:53 GMT-0300 (hora estándar de Argentina)
warning: Error: secretOrPrivateKey must have a value en /changePassword?token=8080 - Sun Jun 02 2024 19:15:11 GMT-0300 (hora estándar de Argentina)
warning: Error: secretOrPrivateKey must have a value en /changePassword?token=8080 - Sun Jun 02 2024 19:15:25 GMT-0300 (hora estándar de Argentina)
warning: Error: secretOrPrivateKey must have a value en /changePassword?token=8080 - Sun Jun 02 2024 19:15:47 GMT-0300 (hora estándar de Argentina)
warning: Error: secretOrPrivateKey must have a value en /changePassword?token=8080 - Sun Jun 02 2024 19:16:27 GMT-0300 (hora estándar de Argentina)
warning: Error: secretOrPrivateKey must have a value en /changePassword?token=8080 - Sun Jun 02 2024 19:18:04 GMT-0300 (hora estándar de Argentina)
warning: Error: secretOrPrivateKey must have a value en /changePassword?token=8080 - Sun Jun 02 2024 19:19:07 GMT-0300 (hora estándar de Argentina)
warning: Error: secretOrPrivateKey must have a value en /changePassword?token=8080 - Sun Jun 02 2024 19:20:16 GMT-0300 (hora estándar de Argentina)
warning: JsonWebTokenError: jwt malformed en /changePassword?token=8080 - Sun Jun 02 2024 19:24:29 GMT-0300 (hora estándar de Argentina)
warning: JsonWebTokenError: jwt malformed en /changePassword?token=8080 - Sun Jun 02 2024 19:24:39 GMT-0300 (hora estándar de Argentina)
error: TypeError: Cannot read properties of undefined (reading 'status') en /65e730ff5e6a31784a321fd8 - Fri Jun 07 2024 10:28:10 GMT-0300 (hora estándar de Argentina)
error: TypeError: Cannot read properties of undefined (reading 'status') en /65e730ff5e6a31784a321fd8 - Fri Jun 07 2024 10:28:28 GMT-0300 (hora estándar de Argentina)
error: TypeError: Cannot read properties of undefined (reading 'status') en /65e730ff5e6a31784a321fd8 - Fri Jun 07 2024 10:29:47 GMT-0300 (hora estándar de Argentina)
error: CastError: Cast to ObjectId failed for value "marihua" (type string) at path "_id" for model "products" en /marihua - Fri Jun 07 2024 10:49:45 GMT-0300 (hora estándar de Argentina)
error: CastError: Cast to ObjectId failed for value "marihua" (type string) at path "_id" for model "products" en /marihua - Fri Jun 07 2024 10:50:13 GMT-0300 (hora estándar de Argentina)
error: CastError: Cast to ObjectId failed for value "marihua" (type string) at path "_id" for model "products" en /marihua - Fri Jun 07 2024 10:50:49 GMT-0300 (hora estándar de Argentina)
error: CastError: Cast to ObjectId failed for value "marihua" (type string) at path "_id" for model "products" en /marihua - Fri Jun 07 2024 10:50:49 GMT-0300 (hora estándar de Argentina)
error: CastError: Cast to ObjectId failed for value "prueba" (type string) at path "_id" for model "products" en /prueba - Fri Jun 07 2024 10:51:24 GMT-0300 (hora estándar de Argentina)
error: CastError: Cast to ObjectId failed for value "prueba" (type string) at path "_id" for model "products" en /prueba - Fri Jun 07 2024 10:52:14 GMT-0300 (hora estándar de Argentina)
error: CastError: Cast to ObjectId failed for value "prueba" (type string) at path "_id" for model "products" en /prueba - Fri Jun 07 2024 10:52:15 GMT-0300 (hora estándar de Argentina)
error: CastError: Cast to ObjectId failed for value "prueba" (type string) at path "_id" for model "products" en /prueba - Fri Jun 07 2024 10:52:37 GMT-0300 (hora estándar de Argentina)
error: CastError: Cast to ObjectId failed for value "prueba" (type string) at path "_id" for model "products" en /prueba - Fri Jun 07 2024 10:52:37 GMT-0300 (hora estándar de Argentina)
error: CastError: Cast to ObjectId failed for value "prueba(65e730ff5e6a31784a321fd8" (type string) at path "_id" for model "products" en /prueba(65e730ff5e6a31784a321fd8 - Fri Jun 07 2024 10:54:50 GMT-0300 (hora estándar de Argentina)
error: Usuario no loggeado
error: Usuario no loggeado
error: Usuario no loggeado
error: Usuario no loggeado
error: Usuario no loggeado
error: Usuario no loggeado
error: Usuario no loggeado
error: Usuario no loggeado
error: Usuario no loggeado
